app/build/intermediates/manifest_merge_blame_file/debug/processDebugMainManifest/manifest-merger-blame-debug-report.txt
1<?xml version="1.0" encoding="utf-8"?>
2<manifest xmlns:android="http://schemas.android.com/apk/res/android"
3    package="com.help.roadhelpapp"
4    android:versionCode="1"
5    android:versionName="1.0" >
6
7    <uses-sdk
8        android:minSdkVersion="24"
9        android:targetSdkVersion="36" />
10    <!-- Include this permission to grab user's general location -->
11    <uses-permission android:name="android.permission.ACCESS_COARSE_LOCATION" />
11-->src\main\AndroidManifest.xml:5:5-81
11-->src\main\AndroidManifest.xml:5:22-78
12    <!-- Include only if your app benefits from precise location access. -->
13    <uses-permission android:name="android.permission.ACCESS_FINE_LOCATION" />
13-->src\main\AndroidManifest.xml:7:5-79
13-->src\main\AndroidManifest.xml:7:22-76
14
15    <uses-feature
15-->[com.mapbox.maps:android-core-ndk27:11.15.0] AndroidManifest.xml:8:5-10:35
16        android:glEsVersion="0x00030000"
16-->[com.mapbox.maps:android-core-ndk27:11.15.0] AndroidManifest.xml:9:9-41
17        android:required="true" />
17-->[com.mapbox.maps:android-core-ndk27:11.15.0] AndroidManifest.xml:10:9-32
18    <uses-feature
18-->[com.mapbox.maps:android-core-ndk27:11.15.0] AndroidManifest.xml:11:5-13:36
19        android:name="android.hardware.wifi"
19-->[com.mapbox.maps:android-core-ndk27:11.15.0] AndroidManifest.xml:12:9-45
20        android:required="false" /> <!-- Implied by ACCESS_WIFI_STATE. -->
20-->[com.mapbox.maps:android-core-ndk27:11.15.0] AndroidManifest.xml:13:9-33
21    <uses-permission android:name="android.permission.INTERNET" />
21-->[com.mapbox.maps:android-core-ndk27:11.15.0] AndroidManifest.xml:15:5-67
21-->[com.mapbox.maps:android-core-ndk27:11.15.0] AndroidManifest.xml:15:22-64
22    <uses-permission android:name="android.permission.ACCESS_NETWORK_STATE" />
22-->[com.mapbox.maps:android-core-ndk27:11.15.0] AndroidManifest.xml:16:5-79
22-->[com.mapbox.maps:android-core-ndk27:11.15.0] AndroidManifest.xml:16:22-76
23    <uses-permission android:name="android.permission.ACCESS_WIFI_STATE" />
23-->[com.mapbox.maps:android-core-ndk27:11.15.0] AndroidManifest.xml:17:5-76
23-->[com.mapbox.maps:android-core-ndk27:11.15.0] AndroidManifest.xml:17:22-73
24
25    <permission
25-->[androidx.core:core:1.17.0] AndroidManifest.xml:22:5-24:47
26        android:name="com.help.roadhelpapp.DYNAMIC_RECEIVER_NOT_EXPORTED_PERMISSION"
26-->[androidx.core:core:1.17.0] AndroidManifest.xml:23:9-81
27        android:protectionLevel="signature" />
27-->[androidx.core:core:1.17.0] AndroidManifest.xml:24:9-44
28
29    <uses-permission android:name="com.help.roadhelpapp.DYNAMIC_RECEIVER_NOT_EXPORTED_PERMISSION" />
29-->[androidx.core:core:1.17.0] AndroidManifest.xml:26:5-97
29-->[androidx.core:core:1.17.0] AndroidManifest.xml:26:22-94
30
31    <application
31-->src\main\AndroidManifest.xml:9:5-32:19
32        android:allowBackup="true"
32-->src\main\AndroidManifest.xml:10:9-35
33        android:appComponentFactory="androidx.core.app.CoreComponentFactory"
33-->[androidx.core:core:1.17.0] AndroidManifest.xml:28:18-86
34        android:dataExtractionRules="@xml/data_extraction_rules"
34-->src\main\AndroidManifest.xml:11:9-65
35        android:debuggable="true"
36        android:extractNativeLibs="false"
37        android:fullBackupContent="@xml/backup_rules"
37-->src\main\AndroidManifest.xml:12:9-54
38        android:icon="@mipmap/ic_launcher"
38-->src\main\AndroidManifest.xml:13:9-43
39        android:label="@string/app_name"
39-->src\main\AndroidManifest.xml:14:9-41
40        android:roundIcon="@mipmap/ic_launcher_round"
40-->src\main\AndroidManifest.xml:15:9-54
41        android:supportsRtl="true"
41-->src\main\AndroidManifest.xml:16:9-35
42        android:testOnly="true"
43        android:theme="@style/Theme.RoadHelpApp" >
43-->src\main\AndroidManifest.xml:17:9-49
44
45        <!-- Splash Activity - Ana launcher -->
46        <activity
46-->src\main\AndroidManifest.xml:20:9-29:20
47            android:name="com.help.roadhelpapp.MainActivity"
47-->src\main\AndroidManifest.xml:21:13-41
48            android:exported="true"
48-->src\main\AndroidManifest.xml:22:13-36
49            android:screenOrientation="portrait"
49-->src\main\AndroidManifest.xml:24:13-49
50            android:theme="@style/Theme.RoadHelpApp" >
50-->src\main\AndroidManifest.xml:23:13-53
51            <intent-filter>
51-->src\main\AndroidManifest.xml:25:13-28:29
52                <action android:name="android.intent.action.MAIN" />
52-->src\main\AndroidManifest.xml:26:17-69
52-->src\main\AndroidManifest.xml:26:25-66
53
54                <category android:name="android.intent.category.LAUNCHER" />
54-->src\main\AndroidManifest.xml:27:17-77
54-->src\main\AndroidManifest.xml:27:27-74
55            </intent-filter>
56        </activity>
57        <activity
57-->[androidx.compose.ui:ui-tooling-android:1.7.0] AndroidManifest.xml:23:9-25:39
58            android:name="androidx.compose.ui.tooling.PreviewActivity"
58-->[androidx.compose.ui:ui-tooling-android:1.7.0] AndroidManifest.xml:24:13-71
59            android:exported="true" />
59-->[androidx.compose.ui:ui-tooling-android:1.7.0] AndroidManifest.xml:25:13-36
60        <activity
60-->[androidx.compose.ui:ui-test-manifest:1.7.0] AndroidManifest.xml:23:9-25:39
61            android:name="androidx.activity.ComponentActivity"
61-->[androidx.compose.ui:ui-test-manifest:1.7.0] AndroidManifest.xml:24:13-63
62            android:exported="true" />
62-->[androidx.compose.ui:ui-test-manifest:1.7.0] AndroidManifest.xml:25:13-36
63
64        <provider
64-->[com.mapbox.maps:android-core-ndk27:11.15.0] AndroidManifest.xml:20:9-28:20
65            android:name="androidx.startup.InitializationProvider"
65-->[com.mapbox.maps:android-core-ndk27:11.15.0] AndroidManifest.xml:21:13-67
66            android:authorities="com.help.roadhelpapp.androidx-startup"
66-->[com.mapbox.maps:android-core-ndk27:11.15.0] AndroidManifest.xml:22:13-68
67            android:exported="false" >
67-->[com.mapbox.maps:android-core-ndk27:11.15.0] AndroidManifest.xml:23:13-37
68            <meta-data
68-->[com.mapbox.maps:android-core-ndk27:11.15.0] AndroidManifest.xml:25:13-27:52
69                android:name="com.mapbox.maps.loader.MapboxMapsInitializer"
69-->[com.mapbox.maps:android-core-ndk27:11.15.0] AndroidManifest.xml:26:17-76
70                android:value="androidx.startup" />
70-->[com.mapbox.maps:android-core-ndk27:11.15.0] AndroidManifest.xml:27:17-49
71            <!-- This entry makes MapboxSDKCommonInitializer discoverable. -->
72            <meta-data
72-->[com.mapbox.common:common-ndk27:24.15.0] AndroidManifest.xml:19:13-21:52
73                android:name="com.mapbox.common.MapboxSDKCommonInitializer"
73-->[com.mapbox.common:common-ndk27:24.15.0] AndroidManifest.xml:20:17-76
74                android:value="androidx.startup" />
74-->[com.mapbox.common:common-ndk27:24.15.0] AndroidManifest.xml:21:17-49
75            <meta-data
75-->[androidx.emoji2:emoji2:1.3.0] AndroidManifest.xml:29:13-31:52
76                android:name="androidx.emoji2.text.EmojiCompatInitializer"
76-->[androidx.emoji2:emoji2:1.3.0] AndroidManifest.xml:30:17-75
77                android:value="androidx.startup" />
77-->[androidx.emoji2:emoji2:1.3.0] AndroidManifest.xml:31:17-49
78            <meta-data
78-->[androidx.lifecycle:lifecycle-process:2.9.3] AndroidManifest.xml:29:13-31:52
79                android:name="androidx.lifecycle.ProcessLifecycleInitializer"
79-->[androidx.lifecycle:lifecycle-process:2.9.3] AndroidManifest.xml:30:17-78
80                android:value="androidx.startup" />
80-->[androidx.lifecycle:lifecycle-process:2.9.3] AndroidManifest.xml:31:17-49
81            <meta-data
81-->[androidx.profileinstaller:profileinstaller:1.4.0] AndroidManifest.xml:29:13-31:52
82                android:name="androidx.profileinstaller.ProfileInstallerInitializer"
82-->[androidx.profileinstaller:profileinstaller:1.4.0] AndroidManifest.xml:30:17-85
83                android:value="androidx.startup" />
83-->[androidx.profileinstaller:profileinstaller:1.4.0] AndroidManifest.xml:31:17-49
84        </provider>
85
86        <receiver
86-->[com.mapbox.common:common-ndk27:24.15.0] AndroidManifest.xml:24:9-31:20
87            android:name="com.mapbox.common.location.LocationUpdatesReceiver"
87-->[com.mapbox.common:common-ndk27:24.15.0] AndroidManifest.xml:25:13-78
88            android:enabled="true"
88-->[com.mapbox.common:common-ndk27:24.15.0] AndroidManifest.xml:26:13-35
89            android:exported="false" >
89-->[com.mapbox.common:common-ndk27:24.15.0] AndroidManifest.xml:27:13-37
90            <intent-filter>
90-->[com.mapbox.common:common-ndk27:24.15.0] AndroidManifest.xml:28:13-30:29
91                <action android:name="com.mapbox.common.location.LocationUpdatesReceiver.ACTION_PROCESS_LOCATION_UPDATES" />
91-->[com.mapbox.common:common-ndk27:24.15.0] AndroidManifest.xml:29:17-125
91-->[com.mapbox.common:common-ndk27:24.15.0] AndroidManifest.xml:29:25-122
92            </intent-filter>
93        </receiver>
94
95        <service
95-->[com.mapbox.common:common-ndk27:24.15.0] AndroidManifest.xml:33:9-35:40
96            android:name="com.mapbox.common.LifecycleService"
96-->[com.mapbox.common:common-ndk27:24.15.0] AndroidManifest.xml:34:13-62
97            android:exported="false" />
97-->[com.mapbox.common:common-ndk27:24.15.0] AndroidManifest.xml:35:13-37
98
99        <activity
99-->[com.google.android.gms:play-services-base:18.5.0] AndroidManifest.xml:5:9-173
100            android:name="com.google.android.gms.common.api.GoogleApiActivity"
100-->[com.google.android.gms:play-services-base:18.5.0] AndroidManifest.xml:5:19-85
101            android:exported="false"
101-->[com.google.android.gms:play-services-base:18.5.0] AndroidManifest.xml:5:146-170
102            android:theme="@android:style/Theme.Translucent.NoTitleBar" />
102-->[com.google.android.gms:play-services-base:18.5.0] AndroidManifest.xml:5:86-145
103
104        <meta-data
104-->[com.google.android.gms:play-services-basement:18.4.0] AndroidManifest.xml:6:9-122
105            android:name="com.google.android.gms.version"
105-->[com.google.android.gms:play-services-basement:18.4.0] AndroidManifest.xml:6:20-65
106            android:value="@integer/google_play_services_version" />
106-->[com.google.android.gms:play-services-basement:18.4.0] AndroidManifest.xml:6:66-119
107
108        <receiver
108-->[androidx.profileinstaller:profileinstaller:1.4.0] AndroidManifest.xml:34:9-52:20
109            android:name="androidx.profileinstaller.ProfileInstallReceiver"
109-->[androidx.profileinstaller:profileinstaller:1.4.0] AndroidManifest.xml:35:13-76
110            android:directBootAware="false"
110-->[androidx.profileinstaller:profileinstaller:1.4.0] AndroidManifest.xml:36:13-44
111            android:enabled="true"
111-->[androidx.profileinstaller:profileinstaller:1.4.0] AndroidManifest.xml:37:13-35
112            android:exported="true"
112-->[androidx.profileinstaller:profileinstaller:1.4.0] AndroidManifest.xml:38:13-36
113            android:permission="android.permission.DUMP" >
113-->[androidx.profileinstaller:profileinstaller:1.4.0] AndroidManifest.xml:39:13-57
114            <intent-filter>
114-->[androidx.profileinstaller:profileinstaller:1.4.0] AndroidManifest.xml:40:13-42:29
115                <action android:name="androidx.profileinstaller.action.INSTALL_PROFILE" />
115-->[androidx.profileinstaller:profileinstaller:1.4.0] AndroidManifest.xml:41:17-91
115-->[androidx.profileinstaller:profileinstaller:1.4.0] AndroidManifest.xml:41:25-88
116            </intent-filter>
117            <intent-filter>
117-->[androidx.profileinstaller:profileinstaller:1.4.0] AndroidManifest.xml:43:13-45:29
118                <action android:name="androidx.profileinstaller.action.SKIP_FILE" />
118-->[androidx.profileinstaller:profileinstaller:1.4.0] AndroidManifest.xml:44:17-85
118-->[androidx.profileinstaller:profileinstaller:1.4.0] AndroidManifest.xml:44:25-82
119            </intent-filter>
120            <intent-filter>
120-->[androidx.profileinstaller:profileinstaller:1.4.0] AndroidManifest.xml:46:13-48:29
121                <action android:name="androidx.profileinstaller.action.SAVE_PROFILE" />
121-->[androidx.profileinstaller:profileinstaller:1.4.0] AndroidManifest.xml:47:17-88
121-->[androidx.profileinstaller:profileinstaller:1.4.0] AndroidManifest.xml:47:25-85
122            </intent-filter>
123            <intent-filter>
123-->[androidx.profileinstaller:profileinstaller:1.4.0] AndroidManifest.xml:49:13-51:29
124                <action android:name="androidx.profileinstaller.action.BENCHMARK_OPERATION" />
124-->[androidx.profileinstaller:profileinstaller:1.4.0] AndroidManifest.xml:50:17-95
124-->[androidx.profileinstaller:profileinstaller:1.4.0] AndroidManifest.xml:50:25-92
125            </intent-filter>
126        </receiver>
127    </application>
128
129</manifest>